# JRE version: OpenJDK Runtime Environment (17.0.6) (build 17.0.6+0-b2043.56-10027231)
# Java VM: OpenJDK 64-Bit Server VM (17.0.6+0-b2043.56-10027231, mixed mode, tiered, compressed oops, compressed class ptrs, g1 gc, windows-amd64)
GC Precious Log:
 CPUs: 16 total, 16 available
 Memory: 32665M
 Large Page Support: Disabled
 NUMA Support: Disabled
 Compressed Oops: Enabled (Zero based)
 Heap Region Size: 4M
 Heap Min Capacity: 8M
 Heap Initial Capacity: 512M
 Heap Max Capacity: 8168M
 Pre-touch: Disabled
 Parallel Workers: 13
 Concurrent Workers: 3
 Concurrent Refinement Workers: 13
 Periodic GC: Disabled
Heap:
 garbage-first heap   total 524288K, used 224616K [0x0000000601800000, 0x0000000800000000)
  region size 4096K, 1 young (4096K), 1 survivors (4096K)
 Metaspace       used 82760K, committed 83136K, reserved 1130496K
  class space    used 8840K, committed 9024K, reserved 1048576K
GC Heap History (20 events):
Event: 12.919 GC heap after
{Heap after GC invocations=32 (full 0):
 garbage-first heap   total 221184K, used 120763K [0x0000000601800000, 0x0000000800000000)
  region size 4096K, 2 young (8192K), 2 survivors (8192K)
 Metaspace       used 71824K, committed 72192K, reserved 1114112K
  class space    used 7883K, committed 8064K, reserved 1048576K
}
Event: 13.175 GC heap before
{Heap before GC invocations=32 (full 0):
 garbage-first heap   total 221184K, used 174011K [0x0000000601800000, 0x0000000800000000)
  region size 4096K, 15 young (61440K), 2 survivors (8192K)
 Metaspace       used 72100K, committed 72448K, reserved 1114112K
  class space    used 7895K, committed 8064K, reserved 1048576K
}
Event: 13.181 GC heap after
{Heap after GC invocations=33 (full 0):
 garbage-first heap   total 221184K, used 122326K [0x0000000601800000, 0x0000000800000000)
  region size 4096K, 2 young (8192K), 2 survivors (8192K)
 Metaspace       used 72100K, committed 72448K, reserved 1114112K
  class space    used 7895K, committed 8064K, reserved 1048576K
}
Event: 13.931 GC heap before
{Heap before GC invocations=34 (full 0):
 garbage-first heap   total 225280K, used 179670K [0x0000000601800000, 0x0000000800000000)
  region size 4096K, 16 young (65536K), 2 survivors (8192K)
 Metaspace       used 79036K, committed 79424K, reserved 1122304K
  class space    used 8521K, committed 8704K, reserved 1048576K
}
Event: 13.939 GC heap after
{Heap after GC invocations=35 (full 0):
 garbage-first heap   total 225280K, used 127136K [0x0000000601800000, 0x0000000800000000)
  region size 4096K, 2 young (8192K), 2 survivors (8192K)
 Metaspace       used 79036K, committed 79424K, reserved 1122304K
  class space    used 8521K, committed 8704K, reserved 1048576K
}
Event: 14.747 GC heap before
{Heap before GC invocations=35 (full 0):
 garbage-first heap   total 225280K, used 180384K [0x0000000601800000, 0x0000000800000000)
  region size 4096K, 15 young (61440K), 2 survivors (8192K)
 Metaspace       used 80821K, committed 81152K, reserved 1122304K
  class space    used 8679K, committed 8832K, reserved 1048576K
}
Event: 14.765 GC heap after
{Heap after GC invocations=36 (full 0):
 garbage-first heap   total 270336K, used 140368K [0x0000000601800000, 0x0000000800000000)
  region size 4096K, 2 young (8192K), 2 survivors (8192K)
 Metaspace       used 80821K, committed 81152K, reserved 1122304K
  class space    used 8679K, committed 8832K, reserved 1048576K
}
Event: 15.108 GC heap before
{Heap before GC invocations=37 (full 0):
 garbage-first heap   total 270336K, used 210000K [0x0000000601800000, 0x0000000800000000)
  region size 4096K, 19 young (77824K), 2 survivors (8192K)
 Metaspace       used 81122K, committed 81472K, reserved 1122304K
  class space    used 8725K, committed 8896K, reserved 1048576K
}
Event: 15.120 GC heap after
{Heap after GC invocations=38 (full 0):
 garbage-first heap   total 270336K, used 157363K [0x0000000601800000, 0x0000000800000000)
  region size 4096K, 3 young (12288K), 3 survivors (12288K)
 Metaspace       used 81122K, committed 81472K, reserved 1122304K
  class space    used 8725K, committed 8896K, reserved 1048576K
}
Event: 15.498 GC heap before
{Heap before GC invocations=38 (full 0):
 garbage-first heap   total 270336K, used 210611K [0x0000000601800000, 0x0000000800000000)
  region size 4096K, 16 young (65536K), 3 survivors (12288K)
 Metaspace       used 82044K, committed 82368K, reserved 1122304K
  class space    used 8798K, committed 8960K, reserved 1048576K
}
Event: 15.506 GC heap after
{Heap after GC invocations=39 (full 0):
 garbage-first heap   total 270336K, used 165396K [0x0000000601800000, 0x0000000800000000)
  region size 4096K, 2 young (8192K), 2 survivors (8192K)
 Metaspace       used 82044K, committed 82368K, reserved 1122304K
  class space    used 8798K, committed 8960K, reserved 1048576K
}
Event: 15.852 GC heap before
{Heap before GC invocations=40 (full 0):
 garbage-first heap   total 307200K, used 214548K [0x0000000601800000, 0x0000000800000000)
  region size 4096K, 14 young (57344K), 2 survivors (8192K)
 Metaspace       used 82356K, committed 82688K, reserved 1130496K
  class space    used 8823K, committed 8960K, reserved 1048576K
}
Event: 15.868 GC heap after
{Heap after GC invocations=41 (full 0):
 garbage-first heap   total 307200K, used 190550K [0x0000000601800000, 0x0000000800000000)
  region size 4096K, 2 young (8192K), 2 survivors (8192K)
 Metaspace       used 82356K, committed 82688K, reserved 1130496K
  class space    used 8823K, committed 8960K, reserved 1048576K
}
Event: 15.885 GC heap before
{Heap before GC invocations=41 (full 0):
 garbage-first heap   total 307200K, used 194646K [0x0000000601800000, 0x0000000800000000)
  region size 4096K, 3 young (12288K), 2 survivors (8192K)
 Metaspace       used 82356K, committed 82688K, reserved 1130496K
  class space    used 8823K, committed 8960K, reserved 1048576K
}
Event: 15.893 GC heap after
{Heap after GC invocations=42 (full 0):
 garbage-first heap   total 307200K, used 194840K [0x0000000601800000, 0x0000000800000000)
  region size 4096K, 1 young (4096K), 1 survivors (4096K)
 Metaspace       used 82356K, committed 82688K, reserved 1130496K
  class space    used 8823K, committed 8960K, reserved 1048576K
}
Event: 16.025 GC heap before
{Heap before GC invocations=42 (full 0):
 garbage-first heap   total 307200K, used 231704K [0x0000000601800000, 0x0000000800000000)
  region size 4096K, 10 young (40960K), 1 survivors (4096K)
 Metaspace       used 82402K, committed 82688K, reserved 1130496K
  class space    used 8823K, committed 8960K, reserved 1048576K
}
Event: 16.034 GC heap after
{Heap after GC invocations=43 (full 0):
 garbage-first heap   total 307200K, used 217172K [0x0000000601800000, 0x0000000800000000)
  region size 4096K, 2 young (8192K), 2 survivors (8192K)
 Metaspace       used 82402K, committed 82688K, reserved 1130496K
  class space    used 8823K, committed 8960K, reserved 1048576K
}
Event: 16.250 GC heap before
{Heap before GC invocations=44 (full 0):
 garbage-first heap   total 389120K, used 237652K [0x0000000601800000, 0x0000000800000000)
  region size 4096K, 7 young (28672K), 2 survivors (8192K)
 Metaspace       used 82745K, committed 83072K, reserved 1130496K
  class space    used 8840K, committed 9024K, reserved 1048576K
}
Event: 16.255 GC heap after
{Heap after GC invocations=45 (full 0):
 garbage-first heap   total 389120K, used 223524K [0x0000000601800000, 0x0000000800000000)
  region size 4096K, 1 young (4096K), 1 survivors (4096K)
 Metaspace       used 82745K, committed 83072K, reserved 1130496K
  class space    used 8840K, committed 9024K, reserved 1048576K
}
Event: 16.341 GC heap before
{Heap before GC invocations=45 (full 0):
 garbage-first heap   total 389120K, used 235812K [0x0000000601800000, 0x0000000800000000)
  region size 4096K, 4 young (16384K), 1 survivors (4096K)
 Metaspace       used 82760K, committed 83136K, reserved 1130496K
  class space    used 8840K, committed 9024K, reserved 1048576K
}

